0 info it worked if it ends with ok
1 verbose cli [ '/Users/emmasjostrom/.nvm/versions/node/v4.4.5/bin/node',
1 verbose cli   '/Users/emmasjostrom/.nvm/versions/node/v4.4.5/bin/npm',
1 verbose cli   'run',
1 verbose cli   'protractor',
1 verbose cli   'test/protractor.conf.js' ]
2 info using npm@2.15.5
3 info using node@v4.4.5
4 verbose run-script [ 'preprotractor', 'protractor', 'postprotractor' ]
5 info preprotractor bs-alert@1.0.0
6 info protractor bs-alert@1.0.0
7 verbose unsafe-perm in lifecycle true
8 info bs-alert@1.0.0 Failed to exec protractor script
9 verbose stack Error: bs-alert@1.0.0 protractor: `./node_modules/protractor/bin/protractor "test/protractor.conf.js"`
9 verbose stack Exit status 1
9 verbose stack     at EventEmitter.<anonymous> (/Users/emmasjostrom/.nvm/versions/node/v4.4.5/lib/node_modules/npm/lib/utils/lifecycle.js:217:16)
9 verbose stack     at emitTwo (events.js:87:13)
9 verbose stack     at EventEmitter.emit (events.js:172:7)
9 verbose stack     at ChildProcess.<anonymous> (/Users/emmasjostrom/.nvm/versions/node/v4.4.5/lib/node_modules/npm/lib/utils/spawn.js:24:14)
9 verbose stack     at emitTwo (events.js:87:13)
9 verbose stack     at ChildProcess.emit (events.js:172:7)
9 verbose stack     at maybeClose (internal/child_process.js:827:16)
9 verbose stack     at Process.ChildProcess._handle.onexit (internal/child_process.js:211:5)
10 verbose pkgid bs-alert@1.0.0
11 verbose cwd /Users/emmasjostrom/Projects/teamBS/BS-alert
12 error Darwin 14.5.0
13 error argv "/Users/emmasjostrom/.nvm/versions/node/v4.4.5/bin/node" "/Users/emmasjostrom/.nvm/versions/node/v4.4.5/bin/npm" "run" "protractor" "test/protractor.conf.js"
14 error node v4.4.5
15 error npm  v2.15.5
16 error code ELIFECYCLE
17 error bs-alert@1.0.0 protractor: `./node_modules/protractor/bin/protractor "test/protractor.conf.js"`
17 error Exit status 1
18 error Failed at the bs-alert@1.0.0 protractor script './node_modules/protractor/bin/protractor "test/protractor.conf.js"'.
18 error This is most likely a problem with the bs-alert package,
18 error not with npm itself.
18 error Tell the author that this fails on your system:
18 error     ./node_modules/protractor/bin/protractor "test/protractor.conf.js"
18 error You can get information on how to open an issue for this project with:
18 error     npm bugs bs-alert
18 error Or if that isn't available, you can get their info via:
18 error
18 error     npm owner ls bs-alert
18 error There is likely additional logging output above.
19 verbose exit [ 1, true ]
